<?xml version="1.0" encoding="UTF-8"?>
<testng-results ignored="0" total="1" passed="1" failed="0" skipped="0">
  <reporter-output>
  </reporter-output>
  <suite started-at="2022-05-28T19:25:38 IST" name="Default suite" finished-at="2022-05-28T19:25:44 IST" duration-ms="5416">
    <groups>
    </groups>
    <test started-at="2022-05-28T19:25:38 IST" name="Default test" finished-at="2022-05-28T19:25:44 IST" duration-ms="5416">
      <class name="testproject.DemoProject">
        <test-method is-config="true" signature="beforeTest()[pri:0, instance:testproject.DemoProject@4fb0f2b9]" started-at="2022-05-28T19:25:38 IST" name="beforeTest" finished-at="2022-05-28T19:25:38 IST" duration-ms="7" status="PASS">
          <reporter-output>
          </reporter-output>
        </test-method> <!-- beforeTest -->
        <test-method signature="test()[pri:0, instance:testproject.DemoProject@4fb0f2b9]" started-at="2022-05-28T19:25:38 IST" name="test" finished-at="2022-05-28T19:25:43 IST" duration-ms="5108" status="PASS">
          <reporter-output>
          </reporter-output>
        </test-method> <!-- test -->
        <test-method is-config="true" signature="afterTest()[pri:0, instance:testproject.DemoProject@4fb0f2b9]" started-at="2022-05-28T19:25:43 IST" name="afterTest" finished-at="2022-05-28T19:25:44 IST" duration-ms="272" status="PASS">
          <reporter-output>
          </reporter-output>
        </test-method> <!-- afterTest -->
      </class> <!-- testproject.DemoProject -->
    </test> <!-- Default test -->
  </suite> <!-- Default suite -->
</testng-results>
